<?xml version="1.0" encoding="UTF-8"?>
<!-- Generated by org.testng.reporters.JUnitXMLReporter -->
<testsuite ignored="0" hostname="DESKTOP-0JON43M" failures="0" tests="5" name="FirefoxTest" time="0.141" errors="0" timestamp="24 Sep 2022 11:58:46 GMT">
  <testcase classname="genaric_libary.Baseclass" name="@BeforeClass lunchbrowser" time="0.004">
    <failure type="java.lang.NullPointerException" message="Cannot invoke &amp;quot;org.openqa.selenium.WebDriver.get(String)&amp;quot; because &amp;quot;this.driver&amp;quot; is null">
      <![CDATA[java.lang.NullPointerException: Cannot invoke "org.openqa.selenium.WebDriver.get(String)" because "this.driver" is null
at genaric_libary.Baseclass.lunchbrowser(Baseclass.java:61)
at java.base/java.util.concurrent.FutureTask.run(FutureTask.java:264)
at java.base/java.util.concurrent.ThreadPoolExecutor.runWorker(ThreadPoolExecutor.java:1136)
at java.base/java.util.concurrent.ThreadPoolExecutor$Worker.run(ThreadPoolExecutor.java:635)
at java.base/java.lang.Thread.run(Thread.java:833)
... Removed 15 stack frames]]>
    </failure>
  </testcase> <!-- @BeforeClass lunchbrowser -->
  <testcase classname="genaric_libary.Baseclass" name="@BeforeMethod LoginApplication" time="0.0">
    <skipped/>
  </testcase> <!-- @BeforeMethod LoginApplication -->
  <testcase classname="genaric_libary.Baseclass" name="@AfterMethod LogoutApplication" time="0.0">
    <skipped/>
  </testcase> <!-- @AfterMethod LogoutApplication -->
  <testcase classname="genaric_libary.Baseclass" name="@BeforeMethod LoginApplication" time="0.0">
    <skipped/>
  </testcase> <!-- @BeforeMethod LoginApplication -->
  <testcase classname="genaric_libary.Baseclass" name="@AfterMethod LogoutApplication" time="0.0">
    <skipped/>
  </testcase> <!-- @AfterMethod LogoutApplication -->
  <testcase classname="genaric_libary.Baseclass" name="@BeforeMethod LoginApplication" time="0.0">
    <skipped/>
  </testcase> <!-- @BeforeMethod LoginApplication -->
  <testcase classname="genaric_libary.Baseclass" name="@AfterMethod LogoutApplication" time="0.0">
    <skipped/>
  </testcase> <!-- @AfterMethod LogoutApplication -->
  <testcase classname="genaric_libary.Baseclass" name="@BeforeMethod LoginApplication" time="0.0">
    <skipped/>
  </testcase> <!-- @BeforeMethod LoginApplication -->
  <testcase classname="genaric_libary.Baseclass" name="@AfterMethod LogoutApplication" time="0.0">
    <skipped/>
  </testcase> <!-- @AfterMethod LogoutApplication -->
  <testcase classname="genaric_libary.Baseclass" name="@BeforeMethod LoginApplication" time="0.0">
    <skipped/>
  </testcase> <!-- @BeforeMethod LoginApplication -->
  <testcase classname="genaric_libary.Baseclass" name="@AfterMethod LogoutApplication" time="0.0">
    <skipped/>
  </testcase> <!-- @AfterMethod LogoutApplication -->
  <testcase classname="genaric_libary.Baseclass" name="@AfterClass closebrowser" time="0.0">
    <skipped/>
  </testcase> <!-- @AfterClass closebrowser -->
  <testcase classname="element_libary.Test_crossss" name="add" time="0.0">
    <skipped/>
  </testcase> <!-- add -->
  <testcase classname="element_libary.Test_crossss" name="create" time="0.0">
    <skipped/>
  </testcase> <!-- create -->
  <testcase classname="element_libary.Test_crossss" name="delet" time="0.0">
    <skipped/>
  </testcase> <!-- delet -->
  <testcase classname="element_libary.Test_crossss" name="edit" time="0.0">
    <skipped/>
  </testcase> <!-- edit -->
  <testcase classname="element_libary.Test_crossss" name="login" time="0.0">
    <skipped/>
  </testcase> <!-- login -->
</testsuite> <!-- FirefoxTest -->
