<?xml version="1.0" encoding="UTF-8"?>
<!-- Generated by org.testng.reporters.JUnitXMLReporter -->
<testsuite ignored="0" hostname="DESKTOP-0JON43M" failures="0" tests="5" name="FirefoxTest" time="24.439" errors="0" timestamp="20 Sep 2022 15:35:28 GMT">
  <testcase classname="element_libary.Test_crossss" name="add" time="0.016"/>
  <testcase classname="element_libary.Test_crossss" name="create" time="0.003"/>
  <testcase classname="element_libary.Test_crossss" name="delet" time="0.002"/>
  <testcase classname="element_libary.Test_crossss" name="edit" time="0.007"/>
  <testcase classname="element_libary.Test_crossss" name="login" time="0.003"/>
</testsuite> <!-- FirefoxTest -->
