<?xml version="1.0" encoding="UTF-8"?>
<!-- Generated by org.testng.reporters.JUnitXMLReporter -->
<testsuite ignored="0" hostname="DESKTOP-0JON43M" failures="0" tests="5" name="Test1" time="26.578" errors="0" timestamp="20 Sep 2022 15:44:01 GMT">
  <testcase classname="element_libary.Test_crossss" name="add" time="0.027"/>
  <testcase classname="element_libary.Test_crossss" name="create" time="0.018"/>
  <testcase classname="element_libary.Test_crossss" name="delet" time="0.002"/>
  <testcase classname="element_libary.Test_crossss" name="edit" time="0.017"/>
  <testcase classname="element_libary.Test_crossss" name="login" time="0.014"/>
</testsuite> <!-- Test1 -->
